TN:
SF:app/controllers/api/v1/authController.js
FN:6,checkPassword
FN:7,(anonymous_1)
FN:8,(anonymous_2)
FN:19,createToken
FN:23,authorize
FN:47,authorizeMember
FN:51,authorizeAdmin
FN:55,authorizeSuper
FN:66,(anonymous_8)
FN:130,(anonymous_9)
FNF:10
FNH:7
FNDA:6,checkPassword
FNDA:6,(anonymous_1)
FNDA:6,(anonymous_2)
FNDA:3,createToken
FNDA:3,authorize
FNDA:0,authorizeMember
FNDA:0,authorizeAdmin
FNDA:0,authorizeSuper
FNDA:5,(anonymous_8)
FNDA:3,(anonymous_9)
DA:1,1
DA:2,1
DA:3,1
DA:4,1
DA:7,6
DA:8,6
DA:9,6
DA:10,0
DA:11,0
DA:14,6
DA:20,3
DA:24,3
DA:25,3
DA:26,3
DA:27,3
DA:32,2
DA:33,2
DA:34,1
DA:37,1
DA:38,1
DA:40,2
DA:48,0
DA:52,0
DA:56,0
DA:59,1
DA:67,5
DA:68,1
DA:73,4
DA:74,4
DA:75,4
DA:77,4
DA:78,1
DA:82,1
DA:85,3
DA:87,3
DA:88,1
DA:92,1
DA:95,2
DA:102,2
DA:131,3
DA:132,1
DA:137,2
DA:138,2
DA:139,2
DA:142,2
DA:143,1
DA:147,1
DA:150,1
DA:152,1
DA:153,1
DA:157,1
DA:160,0
DA:167,0
LF:53
LH:46
BRDA:9,0,0,0
BRDA:9,0,1,6
BRDA:20,1,0,3
BRDA:20,1,1,3
BRDA:29,2,0,3
BRDA:29,2,1,3
BRDA:33,3,0,1
BRDA:33,3,1,1
BRDA:67,4,0,1
BRDA:67,4,1,4
BRDA:67,5,0,5
BRDA:67,5,1,4
BRDA:77,6,0,1
BRDA:77,6,1,3
BRDA:87,7,0,1
BRDA:87,7,1,2
BRDA:131,8,0,1
BRDA:131,8,1,2
BRDA:131,9,0,3
BRDA:131,9,1,2
BRDA:142,10,0,1
BRDA:142,10,1,1
BRDA:142,11,0,2
BRDA:142,11,1,2
BRDA:152,12,0,1
BRDA:152,12,1,0
BRF:26
BRH:24
end_of_record
TN:
SF:app/controllers/api/v1/userController.js
FN:5,encryptPassword
FN:6,(anonymous_1)
FN:12,(anonymous_2)
FN:24,register
FN:42,(anonymous_4)
FN:56,(anonymous_5)
FN:66,deleteUserById
FN:79,(anonymous_7)
FN:86,(anonymous_8)
FN:105,(anonymous_9)
FN:109,(anonymous_10)
FN:113,(anonymous_11)
FN:117,(anonymous_12)
FN:130,(anonymous_13)
FN:133,(anonymous_14)
FN:141,(anonymous_15)
FN:149,(anonymous_16)
FN:152,(anonymous_17)
FN:160,(anonymous_18)
FN:168,(anonymous_19)
FNF:20
FNH:11
FNDA:4,encryptPassword
FNDA:4,(anonymous_1)
FNDA:3,(anonymous_2)
FNDA:3,register
FNDA:1,(anonymous_4)
FNDA:0,(anonymous_5)
FNDA:3,deleteUserById
FNDA:1,(anonymous_7)
FNDA:0,(anonymous_8)
FNDA:0,(anonymous_9)
FNDA:0,(anonymous_10)
FNDA:0,(anonymous_11)
FNDA:0,(anonymous_12)
FNDA:1,(anonymous_13)
FNDA:1,(anonymous_14)
FNDA:0,(anonymous_15)
FNDA:1,(anonymous_16)
FNDA:1,(anonymous_17)
FNDA:0,(anonymous_18)
FNDA:0,(anonymous_19)
DA:1,1
DA:2,1
DA:3,1
DA:6,4
DA:7,4
DA:8,1
DA:9,1
DA:12,3
DA:13,3
DA:14,1
DA:15,1
DA:18,2
DA:25,3
DA:26,1
DA:31,2
DA:32,2
DA:33,2
DA:34,1
DA:39,1
DA:40,1
DA:41,1
DA:43,1
DA:57,0
DA:67,3
DA:68,3
DA:69,2
DA:70,2
DA:72,2
DA:73,1
DA:78,1
DA:80,1
DA:81,1
DA:87,0
DA:94,1
DA:101,1
DA:106,0
DA:110,0
DA:114,0
DA:118,0
DA:131,1
DA:134,1
DA:142,0
DA:150,1
DA:153,1
DA:161,0
DA:169,0
LF:46
LH:37
BRDA:7,0,0,1
BRDA:7,0,1,3
BRDA:7,1,0,4
BRDA:7,1,1,4
BRDA:13,2,0,1
BRDA:13,2,1,2
BRDA:25,3,0,1
BRDA:25,3,1,2
BRDA:25,4,0,3
BRDA:25,4,1,2
BRDA:25,4,2,2
BRDA:33,5,0,1
BRDA:33,5,1,1
BRDA:68,6,0,1
BRDA:68,6,1,2
BRDA:72,7,0,1
BRDA:72,7,1,1
BRF:17
BRH:17
end_of_record
TN:
SF:app/models/car.js
FN:7,(anonymous_0)
FN:9,(anonymous_1)
FNF:2
FNH:2
FNDA:1,(anonymous_0)
FNDA:1,(anonymous_1)
DA:6,1
DA:7,1
DA:13,1
DA:36,1
LF:4
LH:4
BRF:0
BRH:0
end_of_record
TN:
SF:app/models/image.js
FN:5,(anonymous_0)
FN:12,(anonymous_1)
FNF:2
FNH:2
FNDA:1,(anonymous_0)
FNDA:1,(anonymous_1)
DA:4,1
DA:5,1
DA:16,1
DA:24,1
LF:4
LH:4
BRF:0
BRH:0
end_of_record
TN:
SF:app/models/index.js
FN:23,(anonymous_0)
FN:26,(anonymous_1)
FN:31,(anonymous_2)
FNF:3
FNH:3
FNDA:4,(anonymous_0)
FNDA:3,(anonymous_1)
FNDA:3,(anonymous_2)
DA:3,1
DA:4,1
DA:5,1
DA:6,1
DA:7,1
DA:8,1
DA:10,1
DA:12,1
DA:15,1
DA:16,0
DA:18,1
DA:21,1
DA:24,4
DA:27,3
DA:28,3
DA:31,1
DA:32,3
DA:33,3
DA:37,1
DA:38,1
DA:40,1
LF:21
LH:20
BRDA:8,0,0,1
BRDA:8,0,1,1
BRDA:15,1,0,0
BRDA:15,1,1,1
BRDA:24,2,0,4
BRDA:24,2,1,4
BRDA:24,2,2,3
BRDA:32,3,0,3
BRDA:32,3,1,0
BRF:9
BRH:7
end_of_record
TN:
SF:app/models/user.js
FN:5,(anonymous_0)
FN:12,(anonymous_1)
FNF:2
FNH:2
FNDA:1,(anonymous_0)
FNDA:1,(anonymous_1)
DA:4,1
DA:5,1
DA:16,1
DA:26,1
LF:4
LH:4
BRF:0
BRH:0
end_of_record
TN:
SF:app/repositories/userRepository.js
FN:4,(anonymous_0)
FN:8,(anonymous_1)
FN:12,(anonymous_2)
FN:16,(anonymous_3)
FN:20,(anonymous_4)
FN:24,(anonymous_5)
FN:28,(anonymous_6)
FNF:7
FNH:0
FNDA:0,(anonymous_0)
FNDA:0,(anonymous_1)
FNDA:0,(anonymous_2)
FNDA:0,(anonymous_3)
FNDA:0,(anonymous_4)
FNDA:0,(anonymous_5)
FNDA:0,(anonymous_6)
DA:1,1
DA:3,1
DA:5,0
DA:9,0
DA:13,0
DA:17,0
DA:21,0
DA:25,0
DA:29,0
LF:9
LH:2
BRF:0
BRH:0
end_of_record
TN:
SF:app/services/userService.js
FN:5,(anonymous_0)
FN:9,(anonymous_1)
FN:32,(anonymous_2)
FN:36,(anonymous_3)
FN:50,(anonymous_4)
FN:54,(anonymous_5)
FN:58,(anonymous_6)
FNF:7
FNH:0
FNDA:0,(anonymous_0)
FNDA:0,(anonymous_1)
FNDA:0,(anonymous_2)
FNDA:0,(anonymous_3)
FNDA:0,(anonymous_4)
FNDA:0,(anonymous_5)
FNDA:0,(anonymous_6)
DA:2,1
DA:4,1
DA:6,0
DA:10,0
DA:33,0
DA:34,0
DA:36,0
DA:37,0
DA:38,0
DA:39,0
DA:42,0
DA:44,0
DA:51,0
DA:55,0
DA:59,0
DA:60,0
LF:16
LH:2
BRF:0
BRH:0
end_of_record
TN:
SF:config/database.js
FNF:0
FNH:0
DA:14,1
DA:16,1
LF:2
LH:2
BRDA:3,0,0,1
BRDA:4,1,0,1
BRDA:5,2,0,1
BRDA:6,3,0,1
BRDA:7,4,0,1
BRF:5
BRH:5
end_of_record
TN:
SF:config/encryption.js
FNF:0
FNH:0
DA:2,1
LF:1
LH:1
BRF:0
BRH:0
end_of_record
